0 info it worked if it ends with ok
1 verbose cli [ 'node', '/usr/local/bin/npm', 'publish' ]
2 info using npm@2.7.5
3 info using node@v0.12.2
4 verbose node symlink /usr/local/bin/node
5 verbose publish [ '.' ]
6 silly cache add args [ '.', null ]
7 verbose cache add spec .
8 silly cache add parsed spec { raw: '.',
8 silly cache add   scope: null,
8 silly cache add   name: null,
8 silly cache add   rawSpec: '.',
8 silly cache add   spec: '/Users/jack/github-projects/coldbrewjs',
8 silly cache add   type: 'directory' }
9 verbose addLocalDirectory /Users/jack/.npm/ColdBrewJS/0.0.0/package.tgz not in flight; packing
10 verbose tar pack [ '/Users/jack/.npm/ColdBrewJS/0.0.0/package.tgz',
10 verbose tar pack   '/Users/jack/github-projects/coldbrewjs' ]
11 verbose tarball /Users/jack/.npm/ColdBrewJS/0.0.0/package.tgz
12 verbose folder /Users/jack/github-projects/coldbrewjs
13 info prepublish ColdBrewJS@0.0.0
14 verbose addLocalTarball adding from inside cache /Users/jack/.npm/ColdBrewJS/0.0.0/package.tgz
15 silly cache afterAdd ColdBrewJS@0.0.0
16 verbose afterAdd /Users/jack/.npm/ColdBrewJS/0.0.0/package/package.json not in flight; writing
17 verbose afterAdd /Users/jack/.npm/ColdBrewJS/0.0.0/package/package.json written
18 silly publish { name: 'ColdBrewJS',
18 silly publish   version: '0.0.0',
18 silly publish   description: 'Extra strong JavaScript.',
18 silly publish   main: 'index.js',
18 silly publish   scripts: { test: 'npm test' },
18 silly publish   repository:
18 silly publish    { type: 'git',
18 silly publish      url: 'https://github.com/jacopotarantino/ColdBrewJS.git' },
18 silly publish   keywords: [ 'cold', 'brew', 'javascript' ],
18 silly publish   author: { name: 'Jack', email: 'jack@ofspades.com' },
18 silly publish   license: 'Creative Commons Attribution-ShareAlike 4.0 International License',
18 silly publish   bugs: { url: 'https://github.com/jacopotarantino/ColdBrewJS/issues' },
18 silly publish   homepage: 'https://github.com/jacopotarantino/ColdBrewJS',
18 silly publish   gitHead: '2e1c2ccf4eee195b9eae37341a3fcdc1b9634390',
18 silly publish   readme: 'ERROR: No README data found!',
18 silly publish   _id: 'ColdBrewJS@0.0.0',
18 silly publish   _shasum: '3b51e2978f0f37da17adadaba4bf50e21de90bdc',
18 silly publish   _from: '.' }
19 silly mapToRegistry name ColdBrewJS
20 silly mapToRegistry using default registry
21 silly mapToRegistry registry https://registry.npmjs.org/
22 silly mapToRegistry uri https://registry.npmjs.org/ColdBrewJS
23 verbose publish registryBase https://registry.npmjs.org/
24 silly publish uploading /Users/jack/.npm/ColdBrewJS/0.0.0/package.tgz
25 verbose stack Error: Invalid name: "ColdBrewJS"
25 verbose stack     at ensureValidName (/usr/local/lib/node_modules/npm/node_modules/normalize-package-data/lib/fixer.js:322:15)
25 verbose stack     at Object.module.exports.fixNameField (/usr/local/lib/node_modules/npm/node_modules/normalize-package-data/lib/fixer.js:211:5)
25 verbose stack     at CachingRegistryClient.publish (/usr/local/lib/node_modules/npm/node_modules/npm-registry-client/lib/publish.js:41:11)
25 verbose stack     at /usr/local/lib/node_modules/npm/lib/publish.js:144:14
25 verbose stack     at mapToRegistry (/usr/local/lib/node_modules/npm/lib/utils/map-to-registry.js:55:3)
25 verbose stack     at publish_ (/usr/local/lib/node_modules/npm/lib/publish.js:114:3)
25 verbose stack     at Array.<anonymous> (/usr/local/lib/node_modules/npm/node_modules/slide/lib/bind-actor.js:15:8)
25 verbose stack     at LOOP (/usr/local/lib/node_modules/npm/node_modules/slide/lib/chain.js:15:14)
25 verbose stack     at LOOP (/usr/local/lib/node_modules/npm/node_modules/slide/lib/chain.js:14:28)
25 verbose stack     at chain (/usr/local/lib/node_modules/npm/node_modules/slide/lib/chain.js:20:5)
26 verbose cwd /Users/jack/github-projects/coldbrewjs
27 error Darwin 14.3.0
28 error argv "node" "/usr/local/bin/npm" "publish"
29 error node v0.12.2
30 error npm  v2.7.5
31 error Invalid name: "ColdBrewJS"
32 error If you need help, you may report this error at:
32 error     <https://github.com/npm/npm/issues>
33 verbose exit [ 1, true ]
